[2019-06-12T02:41:58,570][INFO ][o.e.b.Bootstrap          ] running graceful exit on windows
[2019-06-12T02:41:58,584][INFO ][o.e.n.Node               ] [EFEhl-v] stopping ...
[2019-06-12T02:41:58,681][INFO ][o.e.n.Node               ] [EFEhl-v] stopped
[2019-06-12T02:41:58,682][INFO ][o.e.n.Node               ] [EFEhl-v] closing ...
[2019-06-12T02:42:00,178][INFO ][o.e.n.Node               ] [EFEhl-v] closed
[2019-06-12T08:50:51,027][INFO ][o.e.n.Node               ] [] initializing ...
[2019-06-12T08:50:51,310][INFO ][o.e.e.NodeEnvironment    ] [EFEhl-v] using [1] data paths, mounts [[(E:)]], net usable_space [189.9gb], net total_space [540.8gb], spins? [unknown], types [NTFS]
[2019-06-12T08:50:51,310][INFO ][o.e.e.NodeEnvironment    ] [EFEhl-v] heap size [1.9gb], compressed ordinary object pointers [true]
[2019-06-12T08:50:51,450][INFO ][o.e.n.Node               ] node name [EFEhl-v] derived from node ID [EFEhl-vRSw6U__-eRtyXRg]; set [node.name] to override
[2019-06-12T08:50:51,450][INFO ][o.e.n.Node               ] version[5.6.8], pid[13872], build[688ecce/2018-02-16T16:46:30.010Z], OS[Windows 10/10.0/amd64], JVM[Oracle Corporation/Java HotSpot(TM) 64-Bit Server VM/1.8.0_211/25.211-b12]
[2019-06-12T08:50:51,450][INFO ][o.e.n.Node               ] JVM arguments [-Xms2g, -Xmx2g, -XX:+UseConcMarkSweepGC, -XX:CMSInitiatingOccupancyFraction=75, -XX:+UseCMSInitiatingOccupancyOnly, -XX:+AlwaysPreTouch, -Xss1m, -Djava.awt.headless=true, -Dfile.encoding=UTF-8, -Djna.nosys=true, -Djdk.io.permissionsUseCanonicalPath=true, -Dio.netty.noUnsafe=true, -Dio.netty.noKeySetOptimization=true, -Dio.netty.recycler.maxCapacityPerThread=0, -Dlog4j.shutdownHookEnabled=false, -Dlog4j2.disable.jmx=true, -Dlog4j.skipJansi=true, -XX:+HeapDumpOnOutOfMemoryError, -Delasticsearch, -Des.path.home=E:\Project(s)\Web\telkom_kp\elasticsearch-5.6.8]
[2019-06-12T08:50:52,831][INFO ][o.e.p.PluginsService     ] [EFEhl-v] loaded module [aggs-matrix-stats]
[2019-06-12T08:50:52,846][INFO ][o.e.p.PluginsService     ] [EFEhl-v] loaded module [ingest-common]
[2019-06-12T08:50:52,846][INFO ][o.e.p.PluginsService     ] [EFEhl-v] loaded module [lang-expression]
[2019-06-12T08:50:52,846][INFO ][o.e.p.PluginsService     ] [EFEhl-v] loaded module [lang-groovy]
[2019-06-12T08:50:52,846][INFO ][o.e.p.PluginsService     ] [EFEhl-v] loaded module [lang-mustache]
[2019-06-12T08:50:52,846][INFO ][o.e.p.PluginsService     ] [EFEhl-v] loaded module [lang-painless]
[2019-06-12T08:50:52,846][INFO ][o.e.p.PluginsService     ] [EFEhl-v] loaded module [parent-join]
[2019-06-12T08:50:52,846][INFO ][o.e.p.PluginsService     ] [EFEhl-v] loaded module [percolator]
[2019-06-12T08:50:52,846][INFO ][o.e.p.PluginsService     ] [EFEhl-v] loaded module [reindex]
[2019-06-12T08:50:52,846][INFO ][o.e.p.PluginsService     ] [EFEhl-v] loaded module [transport-netty3]
[2019-06-12T08:50:52,846][INFO ][o.e.p.PluginsService     ] [EFEhl-v] loaded module [transport-netty4]
[2019-06-12T08:50:52,846][INFO ][o.e.p.PluginsService     ] [EFEhl-v] no plugins loaded
[2019-06-12T08:51:00,485][INFO ][o.e.d.DiscoveryModule    ] [EFEhl-v] using discovery type [zen]
[2019-06-12T08:51:02,036][INFO ][o.e.n.Node               ] initialized
[2019-06-12T08:51:02,036][INFO ][o.e.n.Node               ] [EFEhl-v] starting ...
[2019-06-12T08:51:06,068][INFO ][o.e.t.TransportService   ] [EFEhl-v] publish_address {127.0.0.1:9300}, bound_addresses {127.0.0.1:9300}, {[::1]:9300}
[2019-06-12T08:51:09,496][INFO ][o.e.c.s.ClusterService   ] [EFEhl-v] new_master {EFEhl-v}{EFEhl-vRSw6U__-eRtyXRg}{FnDrH2HBQkOXpuK1PwxxdQ}{127.0.0.1}{127.0.0.1:9300}, reason: zen-disco-elected-as-master ([0] nodes joined)
[2019-06-12T08:51:10,217][INFO ][o.e.g.GatewayService     ] [EFEhl-v] recovered [1] indices into cluster_state
[2019-06-12T08:51:12,399][INFO ][o.e.c.r.a.AllocationService] [EFEhl-v] Cluster health status changed from [RED] to [YELLOW] (reason: [shards started [[incident][0]] ...]).
[2019-06-12T08:51:12,407][INFO ][o.e.h.n.Netty4HttpServerTransport] [EFEhl-v] publish_address {127.0.0.1:9200}, bound_addresses {127.0.0.1:9200}, {[::1]:9200}
[2019-06-12T08:51:12,407][INFO ][o.e.n.Node               ] [EFEhl-v] started
[2019-06-12T20:41:19,040][WARN ][o.e.m.j.JvmGcMonitorService] [EFEhl-v] [gc][young][24564][4] duration [5.7s], collections [1]/[6.1s], total [5.7s]/[5.9s], memory [318.1mb]->[45.8mb]/[1.9gb], all_pools {[young] [266.1mb]->[2mb]/[266.2mb]}{[survivor] [33.2mb]->[3.5mb]/[33.2mb]}{[old] [18.7mb]->[41.1mb]/[1.6gb]}
[2019-06-12T20:41:21,394][WARN ][o.e.m.j.JvmGcMonitorService] [EFEhl-v] [gc][24564] overhead, spent [5.7s] collecting in the last [6.1s]
[2019-06-12T20:44:09,984][INFO ][o.e.b.Bootstrap          ] running graceful exit on windows
[2019-06-12T20:44:10,005][INFO ][o.e.n.Node               ] [EFEhl-v] stopping ...
[2019-06-12T20:44:11,145][INFO ][o.e.n.Node               ] [EFEhl-v] stopped
[2019-06-12T20:44:11,165][INFO ][o.e.n.Node               ] [EFEhl-v] closing ...
[2019-06-12T20:44:11,643][INFO ][o.e.n.Node               ] [EFEhl-v] closed
