[2019-05-30T00:11:41,448][INFO ][o.e.n.Node               ] [IKF-EAb] stopping ...
[2019-05-30T00:11:41,854][INFO ][o.e.n.Node               ] [IKF-EAb] stopped
[2019-05-30T00:11:41,854][INFO ][o.e.n.Node               ] [IKF-EAb] closing ...
[2019-05-30T00:11:41,917][INFO ][o.e.n.Node               ] [IKF-EAb] closed
[2019-05-30T00:24:01,746][INFO ][o.e.n.Node               ] [] initializing ...
[2019-05-30T00:24:02,593][INFO ][o.e.e.NodeEnvironment    ] [IKF-EAb] using [1] data paths, mounts [[(E:)]], net usable_space [195.4gb], net total_space [540.8gb], spins? [unknown], types [NTFS]
[2019-05-30T00:24:02,594][INFO ][o.e.e.NodeEnvironment    ] [IKF-EAb] heap size [1.9gb], compressed ordinary object pointers [true]
[2019-05-30T00:24:02,860][INFO ][o.e.n.Node               ] node name [IKF-EAb] derived from node ID [IKF-EAbyQLOSt7XSrOsIFw]; set [node.name] to override
[2019-05-30T00:24:02,862][INFO ][o.e.n.Node               ] version[5.6.8], pid[16140], build[688ecce/2018-02-16T16:46:30.010Z], OS[Windows 10/10.0/amd64], JVM[Oracle Corporation/Java HotSpot(TM) 64-Bit Server VM/1.8.0_211/25.211-b12]
[2019-05-30T00:24:02,863][INFO ][o.e.n.Node               ] JVM arguments [-Xms2g, -Xmx2g, -XX:+UseConcMarkSweepGC, -XX:CMSInitiatingOccupancyFraction=75, -XX:+UseCMSInitiatingOccupancyOnly, -XX:+AlwaysPreTouch, -Xss1m, -Djava.awt.headless=true, -Dfile.encoding=UTF-8, -Djna.nosys=true, -Djdk.io.permissionsUseCanonicalPath=true, -Dio.netty.noUnsafe=true, -Dio.netty.noKeySetOptimization=true, -Dio.netty.recycler.maxCapacityPerThread=0, -Dlog4j.shutdownHookEnabled=false, -Dlog4j2.disable.jmx=true, -Dlog4j.skipJansi=true, -XX:+HeapDumpOnOutOfMemoryError, -Delasticsearch, -Des.path.home=E:\Project(s)\Web\telkom_kp\elasticsearch-5.6.8]
[2019-05-30T00:24:06,665][INFO ][o.e.p.PluginsService     ] [IKF-EAb] loaded module [aggs-matrix-stats]
[2019-05-30T00:24:06,665][INFO ][o.e.p.PluginsService     ] [IKF-EAb] loaded module [ingest-common]
[2019-05-30T00:24:06,665][INFO ][o.e.p.PluginsService     ] [IKF-EAb] loaded module [lang-expression]
[2019-05-30T00:24:06,680][INFO ][o.e.p.PluginsService     ] [IKF-EAb] loaded module [lang-groovy]
[2019-05-30T00:24:06,680][INFO ][o.e.p.PluginsService     ] [IKF-EAb] loaded module [lang-mustache]
[2019-05-30T00:24:06,680][INFO ][o.e.p.PluginsService     ] [IKF-EAb] loaded module [lang-painless]
[2019-05-30T00:24:06,680][INFO ][o.e.p.PluginsService     ] [IKF-EAb] loaded module [parent-join]
[2019-05-30T00:24:06,680][INFO ][o.e.p.PluginsService     ] [IKF-EAb] loaded module [percolator]
[2019-05-30T00:24:06,680][INFO ][o.e.p.PluginsService     ] [IKF-EAb] loaded module [reindex]
[2019-05-30T00:24:06,680][INFO ][o.e.p.PluginsService     ] [IKF-EAb] loaded module [transport-netty3]
[2019-05-30T00:24:06,680][INFO ][o.e.p.PluginsService     ] [IKF-EAb] loaded module [transport-netty4]
[2019-05-30T00:24:06,680][INFO ][o.e.p.PluginsService     ] [IKF-EAb] no plugins loaded
[2019-05-30T00:24:15,931][INFO ][o.e.d.DiscoveryModule    ] [IKF-EAb] using discovery type [zen]
[2019-05-30T00:24:17,229][INFO ][o.e.n.Node               ] initialized
[2019-05-30T00:24:17,229][INFO ][o.e.n.Node               ] [IKF-EAb] starting ...
[2019-05-30T00:24:20,348][INFO ][o.e.t.TransportService   ] [IKF-EAb] publish_address {127.0.0.1:9300}, bound_addresses {127.0.0.1:9300}, {[::1]:9300}
[2019-05-30T00:24:23,612][INFO ][o.e.c.s.ClusterService   ] [IKF-EAb] new_master {IKF-EAb}{IKF-EAbyQLOSt7XSrOsIFw}{VliMAOliQW2zIJKzmGATjg}{127.0.0.1}{127.0.0.1:9300}, reason: zen-disco-elected-as-master ([0] nodes joined)
[2019-05-30T00:24:24,339][INFO ][o.e.g.GatewayService     ] [IKF-EAb] recovered [1] indices into cluster_state
[2019-05-30T00:24:25,690][INFO ][o.e.c.r.a.AllocationService] [IKF-EAb] Cluster health status changed from [RED] to [YELLOW] (reason: [shards started [[konten][0]] ...]).
[2019-05-30T00:24:26,176][INFO ][o.e.h.n.Netty4HttpServerTransport] [IKF-EAb] publish_address {127.0.0.1:9200}, bound_addresses {127.0.0.1:9200}, {[::1]:9200}
[2019-05-30T00:24:26,176][INFO ][o.e.n.Node               ] [IKF-EAb] started
[2019-05-30T00:25:13,237][INFO ][o.e.n.Node               ] [IKF-EAb] stopping ...
[2019-05-30T00:25:13,308][INFO ][o.e.n.Node               ] [IKF-EAb] stopped
[2019-05-30T00:25:13,312][INFO ][o.e.n.Node               ] [IKF-EAb] closing ...
[2019-05-30T00:25:13,331][INFO ][o.e.n.Node               ] [IKF-EAb] closed
[2019-05-30T00:26:57,461][INFO ][o.e.n.Node               ] [] initializing ...
[2019-05-30T00:26:57,743][INFO ][o.e.e.NodeEnvironment    ] [IKF-EAb] using [1] data paths, mounts [[(E:)]], net usable_space [195.4gb], net total_space [540.8gb], spins? [unknown], types [NTFS]
[2019-05-30T00:26:57,743][INFO ][o.e.e.NodeEnvironment    ] [IKF-EAb] heap size [1.9gb], compressed ordinary object pointers [true]
[2019-05-30T00:26:57,915][INFO ][o.e.n.Node               ] node name [IKF-EAb] derived from node ID [IKF-EAbyQLOSt7XSrOsIFw]; set [node.name] to override
[2019-05-30T00:26:57,931][INFO ][o.e.n.Node               ] version[5.6.8], pid[15724], build[688ecce/2018-02-16T16:46:30.010Z], OS[Windows 10/10.0/amd64], JVM[Oracle Corporation/Java HotSpot(TM) 64-Bit Server VM/1.8.0_211/25.211-b12]
[2019-05-30T00:26:57,931][INFO ][o.e.n.Node               ] JVM arguments [-Xms2g, -Xmx2g, -XX:+UseConcMarkSweepGC, -XX:CMSInitiatingOccupancyFraction=75, -XX:+UseCMSInitiatingOccupancyOnly, -XX:+AlwaysPreTouch, -Xss1m, -Djava.awt.headless=true, -Dfile.encoding=UTF-8, -Djna.nosys=true, -Djdk.io.permissionsUseCanonicalPath=true, -Dio.netty.noUnsafe=true, -Dio.netty.noKeySetOptimization=true, -Dio.netty.recycler.maxCapacityPerThread=0, -Dlog4j.shutdownHookEnabled=false, -Dlog4j2.disable.jmx=true, -Dlog4j.skipJansi=true, -XX:+HeapDumpOnOutOfMemoryError, -Delasticsearch, -Des.path.home=E:\Project(s)\Web\telkom_kp\elasticsearch-5.6.8]
[2019-05-30T00:27:01,161][INFO ][o.e.p.PluginsService     ] [IKF-EAb] loaded module [aggs-matrix-stats]
[2019-05-30T00:27:01,161][INFO ][o.e.p.PluginsService     ] [IKF-EAb] loaded module [ingest-common]
[2019-05-30T00:27:01,192][INFO ][o.e.p.PluginsService     ] [IKF-EAb] loaded module [lang-expression]
[2019-05-30T00:27:01,207][INFO ][o.e.p.PluginsService     ] [IKF-EAb] loaded module [lang-groovy]
[2019-05-30T00:27:01,239][INFO ][o.e.p.PluginsService     ] [IKF-EAb] loaded module [lang-mustache]
[2019-05-30T00:27:01,254][INFO ][o.e.p.PluginsService     ] [IKF-EAb] loaded module [lang-painless]
[2019-05-30T00:27:01,254][INFO ][o.e.p.PluginsService     ] [IKF-EAb] loaded module [parent-join]
[2019-05-30T00:27:01,254][INFO ][o.e.p.PluginsService     ] [IKF-EAb] loaded module [percolator]
[2019-05-30T00:27:01,254][INFO ][o.e.p.PluginsService     ] [IKF-EAb] loaded module [reindex]
[2019-05-30T00:27:01,270][INFO ][o.e.p.PluginsService     ] [IKF-EAb] loaded module [transport-netty3]
[2019-05-30T00:27:01,270][INFO ][o.e.p.PluginsService     ] [IKF-EAb] loaded module [transport-netty4]
[2019-05-30T00:27:01,286][INFO ][o.e.p.PluginsService     ] [IKF-EAb] no plugins loaded
[2019-05-30T00:27:09,967][INFO ][o.e.d.DiscoveryModule    ] [IKF-EAb] using discovery type [zen]
[2019-05-30T00:27:12,085][INFO ][o.e.n.Node               ] initialized
[2019-05-30T00:27:12,085][INFO ][o.e.n.Node               ] [IKF-EAb] starting ...
[2019-05-30T00:27:17,877][INFO ][o.e.t.TransportService   ] [IKF-EAb] publish_address {127.0.0.1:9300}, bound_addresses {127.0.0.1:9300}, {[::1]:9300}
[2019-05-30T00:27:21,193][INFO ][o.e.c.s.ClusterService   ] [IKF-EAb] new_master {IKF-EAb}{IKF-EAbyQLOSt7XSrOsIFw}{3Ax7gTcqSY6JUtM91dN58g}{127.0.0.1}{127.0.0.1:9300}, reason: zen-disco-elected-as-master ([0] nodes joined)
[2019-05-30T00:27:21,909][INFO ][o.e.g.GatewayService     ] [IKF-EAb] recovered [1] indices into cluster_state
[2019-05-30T00:27:22,791][INFO ][o.e.c.r.a.AllocationService] [IKF-EAb] Cluster health status changed from [RED] to [YELLOW] (reason: [shards started [[konten][0]] ...]).
[2019-05-30T00:27:24,207][INFO ][o.e.h.n.Netty4HttpServerTransport] [IKF-EAb] publish_address {127.0.0.1:9200}, bound_addresses {127.0.0.1:9200}, {[::1]:9200}
[2019-05-30T00:27:24,213][INFO ][o.e.n.Node               ] [IKF-EAb] started
[2019-05-30T01:40:56,898][INFO ][o.e.c.m.MetaDataDeleteIndexService] [IKF-EAb] [konten/3J0lpUkpR5SjsJhMkEfo3Q] deleting index
[2019-05-30T01:40:57,229][INFO ][o.e.c.m.MetaDataCreateIndexService] [IKF-EAb] [konten] creating index, cause [api], templates [], shards [5]/[1], mappings [doc]
[2019-05-30T01:40:58,192][INFO ][o.e.c.m.MetaDataCreateIndexService] [IKF-EAb] [incident] creating index, cause [api], templates [], shards [5]/[1], mappings [doc]
[2019-05-30T02:08:17,472][INFO ][o.e.b.Bootstrap          ] running graceful exit on windows
[2019-05-30T02:08:17,488][INFO ][o.e.n.Node               ] [IKF-EAb] stopping ...
[2019-05-30T02:08:17,566][INFO ][o.e.n.Node               ] [IKF-EAb] stopped
[2019-05-30T02:08:17,582][INFO ][o.e.n.Node               ] [IKF-EAb] closing ...
[2019-05-30T02:08:17,644][INFO ][o.e.n.Node               ] [IKF-EAb] closed
