[2019-05-31T07:08:07,961][INFO ][o.e.b.Bootstrap          ] running graceful exit on windows
[2019-05-31T07:08:08,039][INFO ][o.e.n.Node               ] [IKF-EAb] stopping ...
[2019-05-31T07:08:08,164][INFO ][o.e.n.Node               ] [IKF-EAb] stopped
[2019-05-31T07:08:08,164][INFO ][o.e.n.Node               ] [IKF-EAb] closing ...
[2019-05-31T07:08:08,211][INFO ][o.e.n.Node               ] [IKF-EAb] closed
[2019-05-31T09:52:40,962][INFO ][o.e.n.Node               ] [] initializing ...
[2019-05-31T09:52:41,774][INFO ][o.e.e.NodeEnvironment    ] [IKF-EAb] using [1] data paths, mounts [[(E:)]], net usable_space [202.6gb], net total_space [540.8gb], spins? [unknown], types [NTFS]
[2019-05-31T09:52:41,774][INFO ][o.e.e.NodeEnvironment    ] [IKF-EAb] heap size [1.9gb], compressed ordinary object pointers [true]
[2019-05-31T09:52:42,142][INFO ][o.e.n.Node               ] node name [IKF-EAb] derived from node ID [IKF-EAbyQLOSt7XSrOsIFw]; set [node.name] to override
[2019-05-31T09:52:42,142][INFO ][o.e.n.Node               ] version[5.6.8], pid[6436], build[688ecce/2018-02-16T16:46:30.010Z], OS[Windows 10/10.0/amd64], JVM[Oracle Corporation/Java HotSpot(TM) 64-Bit Server VM/1.8.0_211/25.211-b12]
[2019-05-31T09:52:42,142][INFO ][o.e.n.Node               ] JVM arguments [-Xms2g, -Xmx2g, -XX:+UseConcMarkSweepGC, -XX:CMSInitiatingOccupancyFraction=75, -XX:+UseCMSInitiatingOccupancyOnly, -XX:+AlwaysPreTouch, -Xss1m, -Djava.awt.headless=true, -Dfile.encoding=UTF-8, -Djna.nosys=true, -Djdk.io.permissionsUseCanonicalPath=true, -Dio.netty.noUnsafe=true, -Dio.netty.noKeySetOptimization=true, -Dio.netty.recycler.maxCapacityPerThread=0, -Dlog4j.shutdownHookEnabled=false, -Dlog4j2.disable.jmx=true, -Dlog4j.skipJansi=true, -XX:+HeapDumpOnOutOfMemoryError, -Delasticsearch, -Des.path.home=E:\Project(s)\Web\telkom_kp\elasticsearch-5.6.8]
[2019-05-31T09:52:46,029][INFO ][o.e.p.PluginsService     ] [IKF-EAb] loaded module [aggs-matrix-stats]
[2019-05-31T09:52:46,029][INFO ][o.e.p.PluginsService     ] [IKF-EAb] loaded module [ingest-common]
[2019-05-31T09:52:46,033][INFO ][o.e.p.PluginsService     ] [IKF-EAb] loaded module [lang-expression]
[2019-05-31T09:52:46,033][INFO ][o.e.p.PluginsService     ] [IKF-EAb] loaded module [lang-groovy]
[2019-05-31T09:52:46,033][INFO ][o.e.p.PluginsService     ] [IKF-EAb] loaded module [lang-mustache]
[2019-05-31T09:52:46,033][INFO ][o.e.p.PluginsService     ] [IKF-EAb] loaded module [lang-painless]
[2019-05-31T09:52:46,033][INFO ][o.e.p.PluginsService     ] [IKF-EAb] loaded module [parent-join]
[2019-05-31T09:52:46,037][INFO ][o.e.p.PluginsService     ] [IKF-EAb] loaded module [percolator]
[2019-05-31T09:52:46,037][INFO ][o.e.p.PluginsService     ] [IKF-EAb] loaded module [reindex]
[2019-05-31T09:52:46,037][INFO ][o.e.p.PluginsService     ] [IKF-EAb] loaded module [transport-netty3]
[2019-05-31T09:52:46,037][INFO ][o.e.p.PluginsService     ] [IKF-EAb] loaded module [transport-netty4]
[2019-05-31T09:52:46,045][INFO ][o.e.p.PluginsService     ] [IKF-EAb] no plugins loaded
[2019-05-31T09:52:52,948][INFO ][o.e.d.DiscoveryModule    ] [IKF-EAb] using discovery type [zen]
[2019-05-31T09:52:54,728][INFO ][o.e.n.Node               ] initialized
[2019-05-31T09:52:54,728][INFO ][o.e.n.Node               ] [IKF-EAb] starting ...
[2019-05-31T09:52:58,470][INFO ][o.e.t.TransportService   ] [IKF-EAb] publish_address {127.0.0.1:9300}, bound_addresses {127.0.0.1:9300}, {[::1]:9300}
[2019-05-31T09:53:01,892][INFO ][o.e.c.s.ClusterService   ] [IKF-EAb] new_master {IKF-EAb}{IKF-EAbyQLOSt7XSrOsIFw}{S9m9sHiaTTyKN881ZTqu7w}{127.0.0.1}{127.0.0.1:9300}, reason: zen-disco-elected-as-master ([0] nodes joined)
[2019-05-31T09:53:02,539][INFO ][o.e.g.GatewayService     ] [IKF-EAb] recovered [2] indices into cluster_state
[2019-05-31T09:53:03,380][INFO ][o.e.h.n.Netty4HttpServerTransport] [IKF-EAb] publish_address {127.0.0.1:9200}, bound_addresses {127.0.0.1:9200}, {[::1]:9200}
[2019-05-31T09:53:03,384][INFO ][o.e.n.Node               ] [IKF-EAb] started
[2019-05-31T09:53:04,712][INFO ][o.e.c.r.a.AllocationService] [IKF-EAb] Cluster health status changed from [RED] to [YELLOW] (reason: [shards started [[konten][3], [konten][2]] ...]).
[2019-05-31T15:52:38,372][INFO ][o.e.b.Bootstrap          ] running graceful exit on windows
[2019-05-31T15:52:38,435][INFO ][o.e.n.Node               ] [IKF-EAb] stopping ...
[2019-05-31T15:52:38,716][INFO ][o.e.n.Node               ] [IKF-EAb] stopped
[2019-05-31T15:52:38,716][INFO ][o.e.n.Node               ] [IKF-EAb] closing ...
[2019-05-31T15:52:38,778][INFO ][o.e.n.Node               ] [IKF-EAb] closed
[2019-05-31T17:15:29,295][INFO ][o.e.n.Node               ] [] initializing ...
[2019-05-31T17:15:31,679][INFO ][o.e.e.NodeEnvironment    ] [IKF-EAb] using [1] data paths, mounts [[(E:)]], net usable_space [202.6gb], net total_space [540.8gb], spins? [unknown], types [NTFS]
[2019-05-31T17:15:31,679][INFO ][o.e.e.NodeEnvironment    ] [IKF-EAb] heap size [1.9gb], compressed ordinary object pointers [true]
[2019-05-31T17:15:32,381][INFO ][o.e.n.Node               ] node name [IKF-EAb] derived from node ID [IKF-EAbyQLOSt7XSrOsIFw]; set [node.name] to override
[2019-05-31T17:15:32,385][INFO ][o.e.n.Node               ] version[5.6.8], pid[13472], build[688ecce/2018-02-16T16:46:30.010Z], OS[Windows 10/10.0/amd64], JVM[Oracle Corporation/Java HotSpot(TM) 64-Bit Server VM/1.8.0_211/25.211-b12]
[2019-05-31T17:15:32,401][INFO ][o.e.n.Node               ] JVM arguments [-Xms2g, -Xmx2g, -XX:+UseConcMarkSweepGC, -XX:CMSInitiatingOccupancyFraction=75, -XX:+UseCMSInitiatingOccupancyOnly, -XX:+AlwaysPreTouch, -Xss1m, -Djava.awt.headless=true, -Dfile.encoding=UTF-8, -Djna.nosys=true, -Djdk.io.permissionsUseCanonicalPath=true, -Dio.netty.noUnsafe=true, -Dio.netty.noKeySetOptimization=true, -Dio.netty.recycler.maxCapacityPerThread=0, -Dlog4j.shutdownHookEnabled=false, -Dlog4j2.disable.jmx=true, -Dlog4j.skipJansi=true, -XX:+HeapDumpOnOutOfMemoryError, -Delasticsearch, -Des.path.home=E:\Project(s)\Web\telkom_kp\elasticsearch-5.6.8]
[2019-05-31T17:15:37,962][INFO ][o.e.p.PluginsService     ] [IKF-EAb] loaded module [aggs-matrix-stats]
[2019-05-31T17:15:37,962][INFO ][o.e.p.PluginsService     ] [IKF-EAb] loaded module [ingest-common]
[2019-05-31T17:15:37,962][INFO ][o.e.p.PluginsService     ] [IKF-EAb] loaded module [lang-expression]
[2019-05-31T17:15:37,962][INFO ][o.e.p.PluginsService     ] [IKF-EAb] loaded module [lang-groovy]
[2019-05-31T17:15:37,962][INFO ][o.e.p.PluginsService     ] [IKF-EAb] loaded module [lang-mustache]
[2019-05-31T17:15:37,962][INFO ][o.e.p.PluginsService     ] [IKF-EAb] loaded module [lang-painless]
[2019-05-31T17:15:37,962][INFO ][o.e.p.PluginsService     ] [IKF-EAb] loaded module [parent-join]
[2019-05-31T17:15:37,962][INFO ][o.e.p.PluginsService     ] [IKF-EAb] loaded module [percolator]
[2019-05-31T17:15:37,962][INFO ][o.e.p.PluginsService     ] [IKF-EAb] loaded module [reindex]
[2019-05-31T17:15:37,962][INFO ][o.e.p.PluginsService     ] [IKF-EAb] loaded module [transport-netty3]
[2019-05-31T17:15:37,962][INFO ][o.e.p.PluginsService     ] [IKF-EAb] loaded module [transport-netty4]
[2019-05-31T17:15:37,962][INFO ][o.e.p.PluginsService     ] [IKF-EAb] no plugins loaded
[2019-05-31T17:15:51,677][INFO ][o.e.d.DiscoveryModule    ] [IKF-EAb] using discovery type [zen]
[2019-05-31T17:15:58,200][INFO ][o.e.n.Node               ] initialized
[2019-05-31T17:15:58,216][INFO ][o.e.n.Node               ] [IKF-EAb] starting ...
[2019-05-31T17:16:02,339][INFO ][o.e.t.TransportService   ] [IKF-EAb] publish_address {127.0.0.1:9300}, bound_addresses {127.0.0.1:9300}, {[::1]:9300}
[2019-05-31T17:16:06,196][INFO ][o.e.c.s.ClusterService   ] [IKF-EAb] new_master {IKF-EAb}{IKF-EAbyQLOSt7XSrOsIFw}{EOwwBlwhTmepKGJzG2OEvQ}{127.0.0.1}{127.0.0.1:9300}, reason: zen-disco-elected-as-master ([0] nodes joined)
[2019-05-31T17:16:07,542][INFO ][o.e.h.n.Netty4HttpServerTransport] [IKF-EAb] publish_address {127.0.0.1:9200}, bound_addresses {127.0.0.1:9200}, {[::1]:9200}
[2019-05-31T17:16:07,542][INFO ][o.e.n.Node               ] [IKF-EAb] started
[2019-05-31T17:16:12,866][INFO ][o.e.g.GatewayService     ] [IKF-EAb] recovered [2] indices into cluster_state
[2019-05-31T17:16:18,868][INFO ][o.e.c.r.a.AllocationService] [IKF-EAb] Cluster health status changed from [RED] to [YELLOW] (reason: [shards started [[konten][2]] ...]).
