[2019-06-03T00:31:43,541][INFO ][o.e.b.Bootstrap          ] running graceful exit on windows
[2019-06-03T00:31:43,588][INFO ][o.e.n.Node               ] [IKF-EAb] stopping ...
[2019-06-03T00:31:43,634][INFO ][o.e.n.Node               ] [IKF-EAb] stopped
[2019-06-03T00:31:43,634][INFO ][o.e.n.Node               ] [IKF-EAb] closing ...
[2019-06-03T00:31:43,666][INFO ][o.e.n.Node               ] [IKF-EAb] closed
[2019-06-03T05:31:53,547][INFO ][o.e.n.Node               ] [] initializing ...
[2019-06-03T05:31:53,818][INFO ][o.e.e.NodeEnvironment    ] [IKF-EAb] using [1] data paths, mounts [[(E:)]], net usable_space [202gb], net total_space [540.8gb], spins? [unknown], types [NTFS]
[2019-06-03T05:31:53,833][INFO ][o.e.e.NodeEnvironment    ] [IKF-EAb] heap size [1.9gb], compressed ordinary object pointers [true]
[2019-06-03T05:31:54,144][INFO ][o.e.n.Node               ] node name [IKF-EAb] derived from node ID [IKF-EAbyQLOSt7XSrOsIFw]; set [node.name] to override
[2019-06-03T05:31:54,144][INFO ][o.e.n.Node               ] version[5.6.8], pid[14424], build[688ecce/2018-02-16T16:46:30.010Z], OS[Windows 10/10.0/amd64], JVM[Oracle Corporation/Java HotSpot(TM) 64-Bit Server VM/1.8.0_211/25.211-b12]
[2019-06-03T05:31:54,144][INFO ][o.e.n.Node               ] JVM arguments [-Xms2g, -Xmx2g, -XX:+UseConcMarkSweepGC, -XX:CMSInitiatingOccupancyFraction=75, -XX:+UseCMSInitiatingOccupancyOnly, -XX:+AlwaysPreTouch, -Xss1m, -Djava.awt.headless=true, -Dfile.encoding=UTF-8, -Djna.nosys=true, -Djdk.io.permissionsUseCanonicalPath=true, -Dio.netty.noUnsafe=true, -Dio.netty.noKeySetOptimization=true, -Dio.netty.recycler.maxCapacityPerThread=0, -Dlog4j.shutdownHookEnabled=false, -Dlog4j2.disable.jmx=true, -Dlog4j.skipJansi=true, -XX:+HeapDumpOnOutOfMemoryError, -Delasticsearch, -Des.path.home=E:\Project(s)\Web\telkom_kp\elasticsearch-5.6.8]
[2019-06-03T05:31:55,758][INFO ][o.e.p.PluginsService     ] [IKF-EAb] loaded module [aggs-matrix-stats]
[2019-06-03T05:31:55,758][INFO ][o.e.p.PluginsService     ] [IKF-EAb] loaded module [ingest-common]
[2019-06-03T05:31:55,758][INFO ][o.e.p.PluginsService     ] [IKF-EAb] loaded module [lang-expression]
[2019-06-03T05:31:55,758][INFO ][o.e.p.PluginsService     ] [IKF-EAb] loaded module [lang-groovy]
[2019-06-03T05:31:55,758][INFO ][o.e.p.PluginsService     ] [IKF-EAb] loaded module [lang-mustache]
[2019-06-03T05:31:55,758][INFO ][o.e.p.PluginsService     ] [IKF-EAb] loaded module [lang-painless]
[2019-06-03T05:31:55,758][INFO ][o.e.p.PluginsService     ] [IKF-EAb] loaded module [parent-join]
[2019-06-03T05:31:55,762][INFO ][o.e.p.PluginsService     ] [IKF-EAb] loaded module [percolator]
[2019-06-03T05:31:55,762][INFO ][o.e.p.PluginsService     ] [IKF-EAb] loaded module [reindex]
[2019-06-03T05:31:55,762][INFO ][o.e.p.PluginsService     ] [IKF-EAb] loaded module [transport-netty3]
[2019-06-03T05:31:55,762][INFO ][o.e.p.PluginsService     ] [IKF-EAb] loaded module [transport-netty4]
[2019-06-03T05:31:55,762][INFO ][o.e.p.PluginsService     ] [IKF-EAb] no plugins loaded
[2019-06-03T05:32:07,390][INFO ][o.e.d.DiscoveryModule    ] [IKF-EAb] using discovery type [zen]
[2019-06-03T05:32:12,602][INFO ][o.e.n.Node               ] initialized
[2019-06-03T05:32:12,602][INFO ][o.e.n.Node               ] [IKF-EAb] starting ...
[2019-06-03T05:32:16,555][INFO ][o.e.t.TransportService   ] [IKF-EAb] publish_address {127.0.0.1:9300}, bound_addresses {127.0.0.1:9300}, {[::1]:9300}
[2019-06-03T05:32:19,903][INFO ][o.e.c.s.ClusterService   ] [IKF-EAb] new_master {IKF-EAb}{IKF-EAbyQLOSt7XSrOsIFw}{MzZwPMpWT_-SgO4cOikvoQ}{127.0.0.1}{127.0.0.1:9300}, reason: zen-disco-elected-as-master ([0] nodes joined)
[2019-06-03T05:32:20,661][INFO ][o.e.g.GatewayService     ] [IKF-EAb] recovered [2] indices into cluster_state
[2019-06-03T05:32:21,365][INFO ][o.e.h.n.Netty4HttpServerTransport] [IKF-EAb] publish_address {127.0.0.1:9200}, bound_addresses {127.0.0.1:9200}, {[::1]:9200}
[2019-06-03T05:32:21,381][INFO ][o.e.n.Node               ] [IKF-EAb] started
[2019-06-03T05:32:22,792][INFO ][o.e.c.r.a.AllocationService] [IKF-EAb] Cluster health status changed from [RED] to [YELLOW] (reason: [shards started [[konten][4], [konten][0]] ...]).
[2019-06-03T06:44:40,324][INFO ][o.e.c.m.MetaDataDeleteIndexService] [IKF-EAb] [incident/6s8BdNRHRZeGRQdHMVzpRA] deleting index
[2019-06-03T06:44:40,748][INFO ][o.e.c.m.MetaDataCreateIndexService] [IKF-EAb] [incident] creating index, cause [api], templates [], shards [5]/[1], mappings [doc]
[2019-06-03T12:51:51,320][INFO ][o.e.b.Bootstrap          ] running graceful exit on windows
[2019-06-03T12:51:51,324][INFO ][o.e.n.Node               ] [IKF-EAb] stopping ...
[2019-06-03T12:51:51,400][INFO ][o.e.n.Node               ] [IKF-EAb] stopped
[2019-06-03T12:51:51,404][INFO ][o.e.n.Node               ] [IKF-EAb] closing ...
[2019-06-03T12:51:51,424][INFO ][o.e.n.Node               ] [IKF-EAb] closed
