[2019-06-08T00:58:15,552][INFO ][o.e.b.Bootstrap          ] running graceful exit on windows
[2019-06-08T00:58:15,561][INFO ][o.e.n.Node               ] [EFEhl-v] stopping ...
[2019-06-08T00:58:15,780][INFO ][o.e.n.Node               ] [EFEhl-v] stopped
[2019-06-08T00:58:15,781][INFO ][o.e.n.Node               ] [EFEhl-v] closing ...
[2019-06-08T00:58:15,828][INFO ][o.e.n.Node               ] [EFEhl-v] closed
[2019-06-08T06:29:26,425][INFO ][o.e.n.Node               ] [] initializing ...
[2019-06-08T06:29:27,605][INFO ][o.e.e.NodeEnvironment    ] [EFEhl-v] using [1] data paths, mounts [[(E:)]], net usable_space [199.5gb], net total_space [540.8gb], spins? [unknown], types [NTFS]
[2019-06-08T06:29:27,605][INFO ][o.e.e.NodeEnvironment    ] [EFEhl-v] heap size [1.9gb], compressed ordinary object pointers [true]
[2019-06-08T06:29:27,869][INFO ][o.e.n.Node               ] node name [EFEhl-v] derived from node ID [EFEhl-vRSw6U__-eRtyXRg]; set [node.name] to override
[2019-06-08T06:29:27,869][INFO ][o.e.n.Node               ] version[5.6.8], pid[4100], build[688ecce/2018-02-16T16:46:30.010Z], OS[Windows 10/10.0/amd64], JVM[Oracle Corporation/Java HotSpot(TM) 64-Bit Server VM/1.8.0_211/25.211-b12]
[2019-06-08T06:29:27,873][INFO ][o.e.n.Node               ] JVM arguments [-Xms2g, -Xmx2g, -XX:+UseConcMarkSweepGC, -XX:CMSInitiatingOccupancyFraction=75, -XX:+UseCMSInitiatingOccupancyOnly, -XX:+AlwaysPreTouch, -Xss1m, -Djava.awt.headless=true, -Dfile.encoding=UTF-8, -Djna.nosys=true, -Djdk.io.permissionsUseCanonicalPath=true, -Dio.netty.noUnsafe=true, -Dio.netty.noKeySetOptimization=true, -Dio.netty.recycler.maxCapacityPerThread=0, -Dlog4j.shutdownHookEnabled=false, -Dlog4j2.disable.jmx=true, -Dlog4j.skipJansi=true, -XX:+HeapDumpOnOutOfMemoryError, -Delasticsearch, -Des.path.home=E:\Project(s)\Web\telkom_kp\elasticsearch-5.6.8]
[2019-06-08T06:29:32,018][INFO ][o.e.p.PluginsService     ] [EFEhl-v] loaded module [aggs-matrix-stats]
[2019-06-08T06:29:32,022][INFO ][o.e.p.PluginsService     ] [EFEhl-v] loaded module [ingest-common]
[2019-06-08T06:29:32,022][INFO ][o.e.p.PluginsService     ] [EFEhl-v] loaded module [lang-expression]
[2019-06-08T06:29:32,022][INFO ][o.e.p.PluginsService     ] [EFEhl-v] loaded module [lang-groovy]
[2019-06-08T06:29:32,022][INFO ][o.e.p.PluginsService     ] [EFEhl-v] loaded module [lang-mustache]
[2019-06-08T06:29:32,022][INFO ][o.e.p.PluginsService     ] [EFEhl-v] loaded module [lang-painless]
[2019-06-08T06:29:32,026][INFO ][o.e.p.PluginsService     ] [EFEhl-v] loaded module [parent-join]
[2019-06-08T06:29:32,026][INFO ][o.e.p.PluginsService     ] [EFEhl-v] loaded module [percolator]
[2019-06-08T06:29:32,026][INFO ][o.e.p.PluginsService     ] [EFEhl-v] loaded module [reindex]
[2019-06-08T06:29:32,026][INFO ][o.e.p.PluginsService     ] [EFEhl-v] loaded module [transport-netty3]
[2019-06-08T06:29:32,026][INFO ][o.e.p.PluginsService     ] [EFEhl-v] loaded module [transport-netty4]
[2019-06-08T06:29:32,030][INFO ][o.e.p.PluginsService     ] [EFEhl-v] no plugins loaded
[2019-06-08T06:29:40,943][INFO ][o.e.d.DiscoveryModule    ] [EFEhl-v] using discovery type [zen]
[2019-06-08T06:29:42,639][INFO ][o.e.n.Node               ] initialized
[2019-06-08T06:29:42,639][INFO ][o.e.n.Node               ] [EFEhl-v] starting ...
[2019-06-08T06:29:45,628][INFO ][o.e.t.TransportService   ] [EFEhl-v] publish_address {127.0.0.1:9300}, bound_addresses {127.0.0.1:9300}, {[::1]:9300}
[2019-06-08T06:29:48,976][INFO ][o.e.c.s.ClusterService   ] [EFEhl-v] new_master {EFEhl-v}{EFEhl-vRSw6U__-eRtyXRg}{bwWPdc1USDaGy5QjrAG1eQ}{127.0.0.1}{127.0.0.1:9300}, reason: zen-disco-elected-as-master ([0] nodes joined)
[2019-06-08T06:29:49,772][INFO ][o.e.g.GatewayService     ] [EFEhl-v] recovered [1] indices into cluster_state
[2019-06-08T06:29:50,586][INFO ][o.e.h.n.Netty4HttpServerTransport] [EFEhl-v] publish_address {127.0.0.1:9200}, bound_addresses {127.0.0.1:9200}, {[::1]:9200}
[2019-06-08T06:29:50,622][INFO ][o.e.n.Node               ] [EFEhl-v] started
[2019-06-08T06:29:51,857][INFO ][o.e.c.r.a.AllocationService] [EFEhl-v] Cluster health status changed from [RED] to [YELLOW] (reason: [shards started [[incident][4]] ...]).
