[2019-05-29T00:55:59,566][INFO ][o.e.b.Bootstrap          ] running graceful exit on windows
[2019-05-29T00:55:59,635][INFO ][o.e.n.Node               ] [IKF-EAb] stopping ...
[2019-05-29T00:55:59,751][INFO ][o.e.n.Node               ] [IKF-EAb] stopped
[2019-05-29T00:55:59,751][INFO ][o.e.n.Node               ] [IKF-EAb] closing ...
[2019-05-29T00:55:59,788][INFO ][o.e.n.Node               ] [IKF-EAb] closed
[2019-05-29T09:30:12,822][INFO ][o.e.n.Node               ] [] initializing ...
[2019-05-29T09:30:13,550][INFO ][o.e.e.NodeEnvironment    ] [IKF-EAb] using [1] data paths, mounts [[(C:)]], net usable_space [59.8gb], net total_space [143gb], spins? [unknown], types [NTFS]
[2019-05-29T09:30:13,554][INFO ][o.e.e.NodeEnvironment    ] [IKF-EAb] heap size [1.9gb], compressed ordinary object pointers [true]
[2019-05-29T09:30:13,808][INFO ][o.e.n.Node               ] node name [IKF-EAb] derived from node ID [IKF-EAbyQLOSt7XSrOsIFw]; set [node.name] to override
[2019-05-29T09:30:13,808][INFO ][o.e.n.Node               ] version[5.6.8], pid[12188], build[688ecce/2018-02-16T16:46:30.010Z], OS[Windows 10/10.0/amd64], JVM[Oracle Corporation/Java HotSpot(TM) 64-Bit Server VM/1.8.0_211/25.211-b12]
[2019-05-29T09:30:13,808][INFO ][o.e.n.Node               ] JVM arguments [-Xms2g, -Xmx2g, -XX:+UseConcMarkSweepGC, -XX:CMSInitiatingOccupancyFraction=75, -XX:+UseCMSInitiatingOccupancyOnly, -XX:+AlwaysPreTouch, -Xss1m, -Djava.awt.headless=true, -Dfile.encoding=UTF-8, -Djna.nosys=true, -Djdk.io.permissionsUseCanonicalPath=true, -Dio.netty.noUnsafe=true, -Dio.netty.noKeySetOptimization=true, -Dio.netty.recycler.maxCapacityPerThread=0, -Dlog4j.shutdownHookEnabled=false, -Dlog4j2.disable.jmx=true, -Dlog4j.skipJansi=true, -XX:+HeapDumpOnOutOfMemoryError, -Delasticsearch, -Des.path.home=C:\Users\jamal\Downloads\Compressed\elasticsearch-5.6.8\elasticsearch-5.6.8]
[2019-05-29T09:30:18,615][INFO ][o.e.p.PluginsService     ] [IKF-EAb] loaded module [aggs-matrix-stats]
[2019-05-29T09:30:18,619][INFO ][o.e.p.PluginsService     ] [IKF-EAb] loaded module [ingest-common]
[2019-05-29T09:30:18,619][INFO ][o.e.p.PluginsService     ] [IKF-EAb] loaded module [lang-expression]
[2019-05-29T09:30:18,627][INFO ][o.e.p.PluginsService     ] [IKF-EAb] loaded module [lang-groovy]
[2019-05-29T09:30:18,647][INFO ][o.e.p.PluginsService     ] [IKF-EAb] loaded module [lang-mustache]
[2019-05-29T09:30:18,651][INFO ][o.e.p.PluginsService     ] [IKF-EAb] loaded module [lang-painless]
[2019-05-29T09:30:18,655][INFO ][o.e.p.PluginsService     ] [IKF-EAb] loaded module [parent-join]
[2019-05-29T09:30:18,655][INFO ][o.e.p.PluginsService     ] [IKF-EAb] loaded module [percolator]
[2019-05-29T09:30:18,655][INFO ][o.e.p.PluginsService     ] [IKF-EAb] loaded module [reindex]
[2019-05-29T09:30:18,655][INFO ][o.e.p.PluginsService     ] [IKF-EAb] loaded module [transport-netty3]
[2019-05-29T09:30:18,663][INFO ][o.e.p.PluginsService     ] [IKF-EAb] loaded module [transport-netty4]
[2019-05-29T09:30:18,667][INFO ][o.e.p.PluginsService     ] [IKF-EAb] no plugins loaded
[2019-05-29T09:30:30,643][INFO ][o.e.d.DiscoveryModule    ] [IKF-EAb] using discovery type [zen]
[2019-05-29T09:30:32,932][INFO ][o.e.n.Node               ] initialized
[2019-05-29T09:30:32,932][INFO ][o.e.n.Node               ] [IKF-EAb] starting ...
[2019-05-29T09:30:37,782][INFO ][o.e.t.TransportService   ] [IKF-EAb] publish_address {127.0.0.1:9300}, bound_addresses {127.0.0.1:9300}, {[::1]:9300}
[2019-05-29T09:30:41,120][INFO ][o.e.c.s.ClusterService   ] [IKF-EAb] new_master {IKF-EAb}{IKF-EAbyQLOSt7XSrOsIFw}{LIthAQeeTX2FEBDkBZjiRw}{127.0.0.1}{127.0.0.1:9300}, reason: zen-disco-elected-as-master ([0] nodes joined)
[2019-05-29T09:30:41,970][INFO ][o.e.g.GatewayService     ] [IKF-EAb] recovered [1] indices into cluster_state
[2019-05-29T09:30:43,858][INFO ][o.e.c.r.a.AllocationService] [IKF-EAb] Cluster health status changed from [RED] to [YELLOW] (reason: [shards started [[konten][4]] ...]).
[2019-05-29T09:30:46,041][INFO ][o.e.h.n.Netty4HttpServerTransport] [IKF-EAb] publish_address {127.0.0.1:9200}, bound_addresses {127.0.0.1:9200}, {[::1]:9200}
[2019-05-29T09:30:46,072][INFO ][o.e.n.Node               ] [IKF-EAb] started
[2019-05-29T09:40:21,690][INFO ][o.e.b.Bootstrap          ] running graceful exit on windows
[2019-05-29T09:40:21,702][INFO ][o.e.n.Node               ] [IKF-EAb] stopping ...
[2019-05-29T09:40:21,950][INFO ][o.e.n.Node               ] [IKF-EAb] stopped
[2019-05-29T09:40:21,962][INFO ][o.e.n.Node               ] [IKF-EAb] closing ...
[2019-05-29T09:40:21,998][INFO ][o.e.n.Node               ] [IKF-EAb] closed
[2019-05-29T09:43:24,871][INFO ][o.e.n.Node               ] [] initializing ...
[2019-05-29T09:43:25,119][INFO ][o.e.e.NodeEnvironment    ] [IKF-EAb] using [1] data paths, mounts [[(C:)]], net usable_space [59.9gb], net total_space [143gb], spins? [unknown], types [NTFS]
[2019-05-29T09:43:25,123][INFO ][o.e.e.NodeEnvironment    ] [IKF-EAb] heap size [1.9gb], compressed ordinary object pointers [true]
[2019-05-29T09:43:25,379][INFO ][o.e.n.Node               ] node name [IKF-EAb] derived from node ID [IKF-EAbyQLOSt7XSrOsIFw]; set [node.name] to override
[2019-05-29T09:43:25,383][INFO ][o.e.n.Node               ] version[5.6.8], pid[10852], build[688ecce/2018-02-16T16:46:30.010Z], OS[Windows 10/10.0/amd64], JVM[Oracle Corporation/Java HotSpot(TM) 64-Bit Server VM/1.8.0_211/25.211-b12]
[2019-05-29T09:43:25,387][INFO ][o.e.n.Node               ] JVM arguments [-Xms2g, -Xmx2g, -XX:+UseConcMarkSweepGC, -XX:CMSInitiatingOccupancyFraction=75, -XX:+UseCMSInitiatingOccupancyOnly, -XX:+AlwaysPreTouch, -Xss1m, -Djava.awt.headless=true, -Dfile.encoding=UTF-8, -Djna.nosys=true, -Djdk.io.permissionsUseCanonicalPath=true, -Dio.netty.noUnsafe=true, -Dio.netty.noKeySetOptimization=true, -Dio.netty.recycler.maxCapacityPerThread=0, -Dlog4j.shutdownHookEnabled=false, -Dlog4j2.disable.jmx=true, -Dlog4j.skipJansi=true, -XX:+HeapDumpOnOutOfMemoryError, -Delasticsearch, -Des.path.home=C:\Users\jamal\Downloads\Compressed\elasticsearch-5.6.8\elasticsearch-5.6.8]
[2019-05-29T09:43:28,801][INFO ][o.e.p.PluginsService     ] [IKF-EAb] loaded module [aggs-matrix-stats]
[2019-05-29T09:43:28,821][INFO ][o.e.p.PluginsService     ] [IKF-EAb] loaded module [ingest-common]
[2019-05-29T09:43:28,857][INFO ][o.e.p.PluginsService     ] [IKF-EAb] loaded module [lang-expression]
[2019-05-29T09:43:28,877][INFO ][o.e.p.PluginsService     ] [IKF-EAb] loaded module [lang-groovy]
[2019-05-29T09:43:28,898][INFO ][o.e.p.PluginsService     ] [IKF-EAb] loaded module [lang-mustache]
[2019-05-29T09:43:28,898][INFO ][o.e.p.PluginsService     ] [IKF-EAb] loaded module [lang-painless]
[2019-05-29T09:43:28,898][INFO ][o.e.p.PluginsService     ] [IKF-EAb] loaded module [parent-join]
[2019-05-29T09:43:28,913][INFO ][o.e.p.PluginsService     ] [IKF-EAb] loaded module [percolator]
[2019-05-29T09:43:28,945][INFO ][o.e.p.PluginsService     ] [IKF-EAb] loaded module [reindex]
[2019-05-29T09:43:28,951][INFO ][o.e.p.PluginsService     ] [IKF-EAb] loaded module [transport-netty3]
[2019-05-29T09:43:28,955][INFO ][o.e.p.PluginsService     ] [IKF-EAb] loaded module [transport-netty4]
[2019-05-29T09:43:28,959][INFO ][o.e.p.PluginsService     ] [IKF-EAb] no plugins loaded
[2019-05-29T09:43:34,497][INFO ][o.e.d.DiscoveryModule    ] [IKF-EAb] using discovery type [zen]
[2019-05-29T09:43:35,785][INFO ][o.e.n.Node               ] initialized
[2019-05-29T09:43:35,785][INFO ][o.e.n.Node               ] [IKF-EAb] starting ...
[2019-05-29T09:43:38,995][INFO ][o.e.t.TransportService   ] [IKF-EAb] publish_address {127.0.0.1:9300}, bound_addresses {127.0.0.1:9300}, {[::1]:9300}
[2019-05-29T09:43:42,207][INFO ][o.e.c.s.ClusterService   ] [IKF-EAb] new_master {IKF-EAb}{IKF-EAbyQLOSt7XSrOsIFw}{SS2tli69S3i647sZ41oQAg}{127.0.0.1}{127.0.0.1:9300}, reason: zen-disco-elected-as-master ([0] nodes joined)
[2019-05-29T09:43:42,887][INFO ][o.e.g.GatewayService     ] [IKF-EAb] recovered [1] indices into cluster_state
[2019-05-29T09:43:44,776][INFO ][o.e.c.r.a.AllocationService] [IKF-EAb] Cluster health status changed from [RED] to [YELLOW] (reason: [shards started [[konten][0]] ...]).
[2019-05-29T09:43:47,696][INFO ][o.e.h.n.Netty4HttpServerTransport] [IKF-EAb] publish_address {127.0.0.1:9200}, bound_addresses {127.0.0.1:9200}, {[::1]:9200}
[2019-05-29T09:43:47,706][INFO ][o.e.n.Node               ] [IKF-EAb] started
[2019-05-29T10:00:59,783][INFO ][o.e.c.m.MetaDataDeleteIndexService] [IKF-EAb] [konten/4acEgjKhQEGw03fryGvsuA] deleting index
[2019-05-29T10:01:00,315][INFO ][o.e.c.m.MetaDataCreateIndexService] [IKF-EAb] [konten] creating index, cause [api], templates [], shards [5]/[1], mappings [doc]
[2019-05-29T10:56:56,856][INFO ][o.e.c.m.MetaDataDeleteIndexService] [IKF-EAb] [konten/DxksHV9mRhGXylJqc8ZapQ] deleting index
[2019-05-29T10:56:57,147][INFO ][o.e.c.m.MetaDataCreateIndexService] [IKF-EAb] [konten] creating index, cause [api], templates [], shards [5]/[1], mappings [doc]
[2019-05-29T15:01:17,820][INFO ][o.e.c.m.MetaDataDeleteIndexService] [IKF-EAb] [konten/vfNvoarPRNeYwKC-b4Ok3Q] deleting index
[2019-05-29T15:01:18,207][INFO ][o.e.c.m.MetaDataCreateIndexService] [IKF-EAb] [konten] creating index, cause [api], templates [], shards [5]/[1], mappings [doc]
[2019-05-29T15:03:41,658][INFO ][o.e.c.m.MetaDataDeleteIndexService] [IKF-EAb] [konten/cW1fuQNQQZuhzyNxSNvmvA] deleting index
[2019-05-29T15:03:41,994][INFO ][o.e.c.m.MetaDataCreateIndexService] [IKF-EAb] [konten] creating index, cause [api], templates [], shards [5]/[1], mappings [doc]
[2019-05-29T15:10:59,360][INFO ][o.e.b.Bootstrap          ] running graceful exit on windows
[2019-05-29T15:10:59,360][INFO ][o.e.n.Node               ] [IKF-EAb] stopping ...
[2019-05-29T15:10:59,438][INFO ][o.e.n.Node               ] [IKF-EAb] stopped
[2019-05-29T15:10:59,454][INFO ][o.e.n.Node               ] [IKF-EAb] closing ...
[2019-05-29T15:10:59,469][INFO ][o.e.n.Node               ] [IKF-EAb] closed
[2019-05-29T23:20:23,961][INFO ][o.e.n.Node               ] [] initializing ...
[2019-05-29T23:20:26,852][INFO ][o.e.e.NodeEnvironment    ] [IKF-EAb] using [1] data paths, mounts [[(E:)]], net usable_space [201.4gb], net total_space [540.8gb], spins? [unknown], types [NTFS]
[2019-05-29T23:20:26,852][INFO ][o.e.e.NodeEnvironment    ] [IKF-EAb] heap size [1.9gb], compressed ordinary object pointers [true]
[2019-05-29T23:20:27,659][INFO ][o.e.n.Node               ] node name [IKF-EAb] derived from node ID [IKF-EAbyQLOSt7XSrOsIFw]; set [node.name] to override
[2019-05-29T23:20:27,675][INFO ][o.e.n.Node               ] version[5.6.8], pid[4564], build[688ecce/2018-02-16T16:46:30.010Z], OS[Windows 10/10.0/amd64], JVM[Oracle Corporation/Java HotSpot(TM) 64-Bit Server VM/1.8.0_211/25.211-b12]
[2019-05-29T23:20:27,687][INFO ][o.e.n.Node               ] JVM arguments [-Xms2g, -Xmx2g, -XX:+UseConcMarkSweepGC, -XX:CMSInitiatingOccupancyFraction=75, -XX:+UseCMSInitiatingOccupancyOnly, -XX:+AlwaysPreTouch, -Xss1m, -Djava.awt.headless=true, -Dfile.encoding=UTF-8, -Djna.nosys=true, -Djdk.io.permissionsUseCanonicalPath=true, -Dio.netty.noUnsafe=true, -Dio.netty.noKeySetOptimization=true, -Dio.netty.recycler.maxCapacityPerThread=0, -Dlog4j.shutdownHookEnabled=false, -Dlog4j2.disable.jmx=true, -Dlog4j.skipJansi=true, -XX:+HeapDumpOnOutOfMemoryError, -Delasticsearch, -Des.path.home=E:\Project(s)\Web\telkom_kp\elasticsearch-5.6.8]
[2019-05-29T23:20:40,658][INFO ][o.e.p.PluginsService     ] [IKF-EAb] loaded module [aggs-matrix-stats]
[2019-05-29T23:20:40,658][INFO ][o.e.p.PluginsService     ] [IKF-EAb] loaded module [ingest-common]
[2019-05-29T23:20:40,658][INFO ][o.e.p.PluginsService     ] [IKF-EAb] loaded module [lang-expression]
[2019-05-29T23:20:40,662][INFO ][o.e.p.PluginsService     ] [IKF-EAb] loaded module [lang-groovy]
[2019-05-29T23:20:40,662][INFO ][o.e.p.PluginsService     ] [IKF-EAb] loaded module [lang-mustache]
[2019-05-29T23:20:40,662][INFO ][o.e.p.PluginsService     ] [IKF-EAb] loaded module [lang-painless]
[2019-05-29T23:20:40,662][INFO ][o.e.p.PluginsService     ] [IKF-EAb] loaded module [parent-join]
[2019-05-29T23:20:40,662][INFO ][o.e.p.PluginsService     ] [IKF-EAb] loaded module [percolator]
[2019-05-29T23:20:40,802][INFO ][o.e.p.PluginsService     ] [IKF-EAb] loaded module [reindex]
[2019-05-29T23:20:40,802][INFO ][o.e.p.PluginsService     ] [IKF-EAb] loaded module [transport-netty3]
[2019-05-29T23:20:40,810][INFO ][o.e.p.PluginsService     ] [IKF-EAb] loaded module [transport-netty4]
[2019-05-29T23:20:40,814][INFO ][o.e.p.PluginsService     ] [IKF-EAb] no plugins loaded
[2019-05-29T23:21:41,887][INFO ][o.e.d.DiscoveryModule    ] [IKF-EAb] using discovery type [zen]
[2019-05-29T23:21:47,298][INFO ][o.e.n.Node               ] initialized
[2019-05-29T23:21:47,310][INFO ][o.e.n.Node               ] [IKF-EAb] starting ...
[2019-05-29T23:21:54,452][INFO ][o.e.t.TransportService   ] [IKF-EAb] publish_address {127.0.0.1:9300}, bound_addresses {127.0.0.1:9300}, {[::1]:9300}
[2019-05-29T23:21:58,429][INFO ][o.e.c.s.ClusterService   ] [IKF-EAb] new_master {IKF-EAb}{IKF-EAbyQLOSt7XSrOsIFw}{2cW6LxmZSUaKR5R5kVhgdg}{127.0.0.1}{127.0.0.1:9300}, reason: zen-disco-elected-as-master ([0] nodes joined)
[2019-05-29T23:22:01,324][INFO ][o.e.h.n.Netty4HttpServerTransport] [IKF-EAb] publish_address {127.0.0.1:9200}, bound_addresses {127.0.0.1:9200}, {[::1]:9200}
[2019-05-29T23:22:01,328][INFO ][o.e.n.Node               ] [IKF-EAb] started
[2019-05-29T23:22:01,440][INFO ][o.e.g.GatewayService     ] [IKF-EAb] recovered [1] indices into cluster_state
[2019-05-29T23:22:05,944][INFO ][o.e.c.r.a.AllocationService] [IKF-EAb] Cluster health status changed from [RED] to [YELLOW] (reason: [shards started [[konten][4]] ...]).
